
T1B98 2649:620 SEGGER J-Link V4.84c Log File (0001ms, 0390ms total)
T1B98 2649:620 DLL Compiled: Apr 16 2014 18:53:07 (0001ms, 0390ms total)
T1B98 2649:620 Logging started @ 2015-10-30 11:28 (0001ms, 0390ms total)
T1B98 2649:648 JLINK_ExecCommand("Device = AT91SAM3N4C", ...)Device "ATSAM3N4C" selected (256 KB flash, 24 KB RAM).  returns 0x00 (0001ms, 0391ms total)
T1B98 2649:881 JLINK_ExecCommand("ProjectFile = D:\Dropbox\TCC\Sistema Embarcado\Programas\Jarvis\Jarvis9_J\Jarvis9_J\jlink.config", ...)  returns 0x00 (0001ms, 0392ms total)
T1B98 2649:911 JLINK_ExecCommand("Device = AT91SAM3N4C", ...)Device "ATSAM3N4C" selected (256 KB flash, 24 KB RAM).  returns 0x00 (0000ms, 0392ms total)
T1B98 2649:911 JLINK_TIF_Select(JLINKARM_TIF_JTAG)  returns 0x00 (0001ms, 0393ms total)
T1B98 2649:912 JLINK_GetIdData(...) >0x2F8 JTAG>TotalIRLen = 4, IRPrint = 0x01 >0x30 JTAG> >0x210 JTAG> >0x70 JTAG> >0x40 JTAG> >0x40 JTAG> >0x40 JTAG> >0x48 JTAG> >0x78 JTAG> >0x40 JTAG> >0x30 JTAG> >0x40 JTAG> >0x40 JTAG> >0x30 JTAG> >0x40 JTAG> >0x48 JTAG>Found Cortex-M3 r2p0, Little endian. -- CPU_WriteMem(4 bytes @ 0xE0002000) -- CPU_ReadMem(4 bytes @ 0xE000EDF0) -- CPU_WriteMem(4 bytes @ 0xE000EDF0) -- CPU_ReadMem(4 bytes @ 0xE0002000)FPUnit: 6 code (BP) slots and 2 literal slots
 -- CPU_ReadMem(4 bytes @ 0xE000EDFC) -- CPU_WriteMem(4 bytes @ 0xE000EDFC) -- CPU_ReadMem(4 bytes @ 0xE0001000) -- CPU_WriteMem(4 bytes @ 0xE0001000) -- CPU_ReadMem(4 bytes @ 0xE00FF010)TPIU fitted. -- CPU_ReadMem(4 bytes @ 0xE00FF014) -- CPU_ReadMem(4 bytes @ 0xE00FF018) ScanLen=4 NumDevices=1 aId[0]=0x4BA00477 aIrRead[0]=0 aScanLen[0]=0 aScanRead[0]=0 (0019ms, 0412ms total)
T1B98 2649:931 JLINK_ConfigJTAG(IRPre = 0, DRPre = 0) (0000ms, 0412ms total)
T1B98 2649:931 JLINK_SetSpeed(1000) (0000ms, 0412ms total)
T1B98 2649:931 JLINK_ResetPullsRESET(OFF) (0000ms, 0412ms total)
T1B98 2649:931 JLINK_Connect() >0x2F8 JTAG>TotalIRLen = 4, IRPrint = 0x01 >0x30 JTAG> >0x210 JTAG> >0x70 JTAG> >0x40 JTAG> >0x40 JTAG> >0x40 JTAG> >0x48 JTAG> >0x78 JTAG> >0x40 JTAG> >0x30 JTAG> >0x40 JTAG> >0x40 JTAG> >0x30 JTAG> >0x40 JTAG> >0x48 JTAG>Found Cortex-M3 r2p0, Little endian. -- CPU_WriteMem(4 bytes @ 0xE0002000) -- CPU_ReadMem(4 bytes @ 0xE000EDF0) -- CPU_ReadMem(4 bytes @ 0xE0002000)FPUnit: 6 code (BP) slots and 2 literal slots -- CPU_ReadMem(4 bytes @ 0xE000EDFC)
 -- CPU_ReadMem(4 bytes @ 0xE0001000) -- CPU_WriteMem(4 bytes @ 0xE0001000) -- CPU_ReadMem(4 bytes @ 0xE00FF010)TPIU fitted. -- CPU_ReadMem(4 bytes @ 0xE00FF014) -- CPU_ReadMem(4 bytes @ 0xE00FF018)  returns 0x00 (0015ms, 0427ms total)
T1B98 2649:946 JLINK_GetDebugInfo(0x100) -- Value=0xE00FF003  returns 0x00 (0000ms, 0427ms total)
T1B98 2649:946 JLINK_ReadMem (0xE00FFFF0, 0x0010 Bytes, ...) -- CPU is running -- CPU_ReadMem(16 bytes @ 0xE00FFFF0) -- Data:  0D 00 00 00 10 00 00 00 05 00 00 00 B1 00 00 00  returns 0x00 (0002ms, 0429ms total)
T1B98 2649:948 JLINK_ReadMem (0xE00FFFD0, 0x0020 Bytes, ...) -- CPU is running -- CPU_ReadMem(32 bytes @ 0xE00FFFD0) -- Data:  00 00 00 00 00 00 00 00 00 00 00 00 00 00 00 00 ...  returns 0x00 (0001ms, 0430ms total)
T1B98 2649:949 JLINK_ReadMemU32(0xE00FF000, 0x0001 Items, ...) -- CPU is running -- CPU_ReadMem(4 bytes @ 0xE00FF000) -- Data:  03 F0 F0 FF  returns 0x01 (0001ms, 0431ms total)
T1B98 2649:950 JLINK_ReadMem (0xE000EFF0, 0x0010 Bytes, ...) -- CPU is running -- CPU_ReadMem(16 bytes @ 0xE000EFF0) -- Data:  0D 00 00 00 E0 00 00 00 05 00 00 00 B1 00 00 00  returns 0x00 (0001ms, 0432ms total)
T1B98 2649:951 JLINK_ReadMem (0xE000EFD0, 0x0020 Bytes, ...) -- CPU is running -- CPU_ReadMem(32 bytes @ 0xE000EFD0) -- Data:  04 00 00 00 00 00 00 00 00 00 00 00 00 00 00 00 ...  returns 0x00 (0001ms, 0433ms total)
T1B98 2649:952 JLINK_ReadMemU32(0xE00FF004, 0x0001 Items, ...) -- CPU is running -- CPU_ReadMem(4 bytes @ 0xE00FF004) -- Data:  03 20 F0 FF  returns 0x01 (0001ms, 0434ms total)
T1B98 2649:953 JLINK_ReadMem (0xE0001FF0, 0x0010 Bytes, ...) -- CPU is running -- CPU_ReadMem(16 bytes @ 0xE0001FF0) -- Data:  0D 00 00 00 E0 00 00 00 05 00 00 00 B1 00 00 00  returns 0x00 (0001ms, 0435ms total)
T1B98 2649:954 JLINK_ReadMem (0xE0001FD0, 0x0020 Bytes, ...) -- CPU is running -- CPU_ReadMem(32 bytes @ 0xE0001FD0) -- Data:  04 00 00 00 00 00 00 00 00 00 00 00 00 00 00 00 ...  returns 0x00 (0002ms, 0437ms total)
T1B98 2649:956 JLINK_ReadMemU32(0xE00FF008, 0x0001 Items, ...) -- CPU is running -- CPU_ReadMem(4 bytes @ 0xE00FF008) -- Data:  03 30 F0 FF  returns 0x01 (0000ms, 0437ms total)
T1B98 2649:956 JLINK_ReadMem (0xE0002FF0, 0x0010 Bytes, ...) -- CPU is running -- CPU_ReadMem(16 bytes @ 0xE0002FF0) -- Data:  0D 00 00 00 E0 00 00 00 05 00 00 00 B1 00 00 00  returns 0x00 (0001ms, 0438ms total)
T1B98 2649:957 JLINK_ReadMem (0xE0002FD0, 0x0020 Bytes, ...) -- CPU is running -- CPU_ReadMem(32 bytes @ 0xE0002FD0) -- Data:  04 00 00 00 00 00 00 00 00 00 00 00 00 00 00 00 ...  returns 0x00 (0002ms, 0440ms total)
T1B98 2649:959 JLINK_ReadMemU32(0xE00FF00C, 0x0001 Items, ...) -- CPU is running -- CPU_ReadMem(4 bytes @ 0xE00FF00C) -- Data:  03 10 F0 FF  returns 0x01 (0001ms, 0441ms total)
T1B98 2649:960 JLINK_ReadMem (0xE0000FF0, 0x0010 Bytes, ...) -- CPU is running -- CPU_ReadMem(16 bytes @ 0xE0000FF0) -- Data:  0D 00 00 00 E0 00 00 00 05 00 00 00 B1 00 00 00  returns 0x00 (0001ms, 0442ms total)
T1B98 2649:961 JLINK_ReadMem (0xE0000FD0, 0x0020 Bytes, ...) -- CPU is running -- CPU_ReadMem(32 bytes @ 0xE0000FD0) -- Data:  04 00 00 00 00 00 00 00 00 00 00 00 00 00 00 00 ...  returns 0x00 (0001ms, 0443ms total)
T1B98 2649:962 JLINK_ReadMemU32(0xE00FF010, 0x0001 Items, ...) -- CPU is running -- CPU_ReadMem(4 bytes @ 0xE00FF010) -- Data:  03 10 F4 FF  returns 0x01 (0001ms, 0444ms total)
T1B98 2649:963 JLINK_ReadMem (0xE0040FF0, 0x0010 Bytes, ...) -- CPU is running -- CPU_ReadMem(16 bytes @ 0xE0040FF0) -- Data:  0D 00 00 00 90 00 00 00 05 00 00 00 B1 00 00 00  returns 0x00 (0001ms, 0445ms total)
T1B98 2649:964 JLINK_ReadMem (0xE0040FD0, 0x0020 Bytes, ...) -- CPU is running -- CPU_ReadMem(32 bytes @ 0xE0040FD0) -- Data:  04 00 00 00 00 00 00 00 00 00 00 00 00 00 00 00 ...  returns 0x00 (0001ms, 0446ms total)
T1B98 2649:965 JLINK_ReadMemU32(0xE00FF014, 0x0001 Items, ...) -- CPU is running -- CPU_ReadMem(4 bytes @ 0xE00FF014) -- Data:  02 20 F4 FF  returns 0x01 (0001ms, 0447ms total)
T1B98 2649:966 JLINK_ReadMemU32(0xE00FF018, 0x0001 Items, ...) -- CPU is running -- CPU_ReadMem(4 bytes @ 0xE00FF018) -- Data:  00 00 00 00  returns 0x01 (0001ms, 0448ms total)
T1B98 2649:967 JLINK_ReadMem (0xE0001000, 0x0004 Bytes, ...) -- CPU is running -- CPU_ReadMem(4 bytes @ 0xE0001000) -- Data:  01 00 00 40  returns 0x00 (0001ms, 0449ms total)
T1B98 2649:968 JLINK_ReadMem (0xE0001000, 0x0004 Bytes, ...) -- CPU is running -- CPU_ReadMem(4 bytes @ 0xE0001000) -- Data:  01 00 00 40  returns 0x00 (0001ms, 0450ms total)
T1B98 2649:969 JLINK_ReadMem (0xE0001028, 0x0004 Bytes, ...) -- CPU is running -- CPU_ReadMem(4 bytes @ 0xE0001028) -- Data:  00 00 00 00  returns 0x00 (0001ms, 0451ms total)
T1B98 2649:970 JLINK_WriteMem(0xE0001028, 0x0004 Bytes, ...) -- Data:  00 01 00 00 -- CPU is running -- CPU_WriteMem(4 bytes @ 0xE0001028)  returns 0x04 (0000ms, 0451ms total)
T1B98 2649:970 JLINK_ReadMem (0xE0001028, 0x0004 Bytes, ...) -- CPU is running -- CPU_ReadMem(4 bytes @ 0xE0001028) -- Data:  00 00 00 00  returns 0x00 (0001ms, 0452ms total)
T1B98 2649:971 JLINK_ReadMem (0xE0001038, 0x0004 Bytes, ...) -- CPU is running -- CPU_ReadMem(4 bytes @ 0xE0001038) -- Data:  00 02 00 00  returns 0x00 (0001ms, 0453ms total)
T1B98 2649:972 JLINK_WriteMem(0xE0001038, 0x0004 Bytes, ...) -- Data:  00 03 00 00 -- CPU is running -- CPU_WriteMem(4 bytes @ 0xE0001038)  returns 0x04 (0001ms, 0454ms total)
T1B98 2649:973 JLINK_ReadMem (0xE0001038, 0x0004 Bytes, ...) -- CPU is running -- CPU_ReadMem(4 bytes @ 0xE0001038) -- Data:  00 03 00 00  returns 0x00 (0001ms, 0455ms total)
T1B98 2649:974 JLINK_ReadMem (0xE0001048, 0x0004 Bytes, ...) -- CPU is running -- CPU_ReadMem(4 bytes @ 0xE0001048) -- Data:  00 00 00 00  returns 0x00 (0000ms, 0455ms total)
T1B98 2649:974 JLINK_WriteMem(0xE0001048, 0x0004 Bytes, ...) -- Data:  00 01 00 00 -- CPU is running -- CPU_WriteMem(4 bytes @ 0xE0001048)  returns 0x04 (0001ms, 0456ms total)
T1B98 2649:975 JLINK_ReadMem (0xE0001048, 0x0004 Bytes, ...) -- CPU is running -- CPU_ReadMem(4 bytes @ 0xE0001048) -- Data:  00 00 00 00  returns 0x00 (0001ms, 0457ms total)
T1B98 2649:976 JLINK_ReadMem (0xE0001058, 0x0004 Bytes, ...) -- CPU is running -- CPU_ReadMem(4 bytes @ 0xE0001058) -- Data:  00 00 00 00  returns 0x00 (0001ms, 0458ms total)
T1B98 2649:977 JLINK_WriteMem(0xE0001058, 0x0004 Bytes, ...) -- Data:  00 01 00 00 -- CPU is running -- CPU_WriteMem(4 bytes @ 0xE0001058)  returns 0x04 (0000ms, 0458ms total)
T1B98 2649:977 JLINK_ReadMem (0xE0001058, 0x0004 Bytes, ...) -- CPU is running -- CPU_ReadMem(4 bytes @ 0xE0001058) -- Data:  00 00 00 00  returns 0x00 (0001ms, 0459ms total)
T1B98 2649:978 JLINK_ReadMem (0xE0001024, 0x0004 Bytes, ...) -- CPU is running -- CPU_ReadMem(4 bytes @ 0xE0001024) -- Data:  03 00 00 00  returns 0x00 (0001ms, 0460ms total)
T1B98 2649:979 JLINK_WriteMem(0xE0001024, 0x0004 Bytes, ...) -- Data:  1F 00 00 00 -- CPU is running -- CPU_WriteMem(4 bytes @ 0xE0001024)  returns 0x04 (0001ms, 0461ms total)
T1B98 2649:980 JLINK_ReadMem (0xE0001024, 0x0004 Bytes, ...) -- CPU is running -- CPU_ReadMem(4 bytes @ 0xE0001024) -- Data:  0F 00 00 00  returns 0x00 (0001ms, 0462ms total)
T1B98 2649:981 JLINK_ReadMem (0xE0001034, 0x0004 Bytes, ...) -- CPU is running -- CPU_ReadMem(4 bytes @ 0xE0001034) -- Data:  0B 00 00 00  returns 0x00 (0001ms, 0463ms total)
T1B98 2649:982 JLINK_WriteMem(0xE0001034, 0x0004 Bytes, ...) -- Data:  1F 00 00 00 -- CPU is running -- CPU_WriteMem(4 bytes @ 0xE0001034)  returns 0x04 (0000ms, 0463ms total)
T1B98 2649:982 JLINK_ReadMem (0xE0001034, 0x0004 Bytes, ...) -- CPU is running -- CPU_ReadMem(4 bytes @ 0xE0001034) -- Data:  0F 00 00 00  returns 0x00 (0001ms, 0464ms total)
T1B98 2649:983 JLINK_ReadMem (0xE0001044, 0x0004 Bytes, ...) -- CPU is running -- CPU_ReadMem(4 bytes @ 0xE0001044) -- Data:  01 00 00 00  returns 0x00 (0001ms, 0465ms total)
T1B98 2649:984 JLINK_WriteMem(0xE0001044, 0x0004 Bytes, ...) -- Data:  1F 00 00 00 -- CPU is running -- CPU_WriteMem(4 bytes @ 0xE0001044)  returns 0x04 (0001ms, 0466ms total)
T1B98 2649:985 JLINK_ReadMem (0xE0001044, 0x0004 Bytes, ...) -- CPU is running -- CPU_ReadMem(4 bytes @ 0xE0001044) -- Data:  0F 00 00 00  returns 0x00 (0001ms, 0467ms total)
T1B98 2649:986 JLINK_ReadMem (0xE0001054, 0x0004 Bytes, ...) -- CPU is running -- CPU_ReadMem(4 bytes @ 0xE0001054) -- Data:  0A 00 00 00  returns 0x00 (0000ms, 0467ms total)
T1B98 2649:986 JLINK_WriteMem(0xE0001054, 0x0004 Bytes, ...) -- Data:  1F 00 00 00 -- CPU is running -- CPU_WriteMem(4 bytes @ 0xE0001054)  returns 0x04 (0001ms, 0468ms total)
T1B98 2649:987 JLINK_ReadMem (0xE0001054, 0x0004 Bytes, ...) -- CPU is running -- CPU_ReadMem(4 bytes @ 0xE0001054) -- Data:  0F 00 00 00  returns 0x00 (0001ms, 0469ms total)
T1B98 2649:988 JLINK_ReadMem (0xE0001028, 0x0004 Bytes, ...) -- CPU is running -- CPU_ReadMem(4 bytes @ 0xE0001028) -- Data:  00 00 00 00  returns 0x00 (0001ms, 0470ms total)
T1B98 2649:989 JLINK_ReadMem (0xE0001038, 0x0004 Bytes, ...) -- CPU is running -- CPU_ReadMem(4 bytes @ 0xE0001038) -- Data:  00 03 00 00  returns 0x00 (0001ms, 0471ms total)
T1B98 2649:990 JLINK_ReadMem (0xE0001048, 0x0004 Bytes, ...) -- CPU is running -- CPU_ReadMem(4 bytes @ 0xE0001048) -- Data:  00 00 00 00  returns 0x00 (0000ms, 0471ms total)
T1B98 2649:990 JLINK_ReadMem (0xE0001058, 0x0004 Bytes, ...) -- CPU is running -- CPU_ReadMem(4 bytes @ 0xE0001058) -- Data:  00 00 00 00  returns 0x00 (0001ms, 0472ms total)
T1B98 2649:991 JLINK_WriteMem(0xE0001020, 0x0004 Bytes, ...) -- Data:  00 00 00 00 -- CPU is running -- CPU_WriteMem(4 bytes @ 0xE0001020)  returns 0x04 (0001ms, 0473ms total)
T1B98 2649:992 JLINK_WriteMem(0xE0001024, 0x0004 Bytes, ...) -- Data:  00 00 00 00 -- CPU is running -- CPU_WriteMem(4 bytes @ 0xE0001024)  returns 0x04 (0001ms, 0474ms total)
T1B98 2649:993 JLINK_WriteMem(0xE0001028, 0x0004 Bytes, ...) -- Data:  00 00 00 00 -- CPU is running -- CPU_WriteMem(4 bytes @ 0xE0001028)  returns 0x04 (0000ms, 0474ms total)
T1B98 2649:993 JLINK_WriteMem(0xE0001030, 0x0004 Bytes, ...) -- Data:  00 00 00 00 -- CPU is running -- CPU_WriteMem(4 bytes @ 0xE0001030)  returns 0x04 (0001ms, 0475ms total)
T1B98 2649:994 JLINK_WriteMem(0xE0001034, 0x0004 Bytes, ...) -- Data:  00 00 00 00 -- CPU is running -- CPU_WriteMem(4 bytes @ 0xE0001034)  returns 0x04 (0000ms, 0475ms total)
T1B98 2649:994 JLINK_WriteMem(0xE0001038, 0x0004 Bytes, ...) -- Data:  00 00 00 00 -- CPU is running -- CPU_WriteMem(4 bytes @ 0xE0001038)  returns 0x04 (0001ms, 0476ms total)
T1B98 2649:995 JLINK_WriteMem(0xE0001040, 0x0004 Bytes, ...) -- Data:  00 00 00 00 -- CPU is running -- CPU_WriteMem(4 bytes @ 0xE0001040)  returns 0x04 (0001ms, 0477ms total)
T1B98 2649:996 JLINK_WriteMem(0xE0001044, 0x0004 Bytes, ...) -- Data:  00 00 00 00 -- CPU is running -- CPU_WriteMem(4 bytes @ 0xE0001044)  returns 0x04 (0000ms, 0477ms total)
T1B98 2649:996 JLINK_WriteMem(0xE0001048, 0x0004 Bytes, ...) -- Data:  00 00 00 00 -- CPU is running -- CPU_WriteMem(4 bytes @ 0xE0001048)  returns 0x04 (0001ms, 0478ms total)
T1B98 2649:997 JLINK_WriteMem(0xE0001050, 0x0004 Bytes, ...) -- Data:  00 00 00 00 -- CPU is running -- CPU_WriteMem(4 bytes @ 0xE0001050)  returns 0x04 (0001ms, 0479ms total)
T1B98 2649:998 JLINK_WriteMem(0xE0001054, 0x0004 Bytes, ...) -- Data:  00 00 00 00 -- CPU is running -- CPU_WriteMem(4 bytes @ 0xE0001054)  returns 0x04 (0000ms, 0479ms total)
T1B98 2649:998 JLINK_WriteMem(0xE0001058, 0x0004 Bytes, ...) -- Data:  00 00 00 00 -- CPU is running -- CPU_WriteMem(4 bytes @ 0xE0001058)  returns 0x04 (0001ms, 0480ms total)
T1B98 2649:999 JLINK_Halt()  returns 0x00 (0008ms, 0488ms total)
T1B98 2650:007 JLINK_WriteMem(0x400E0A04, 0x0004 Bytes, ...) -- Data:  0B 01 00 5A -- CPU_WriteMem(4 bytes @ 0x400E0A04)  returns 0x04 (0001ms, 0489ms total)
T1B98 2650:008 JLINK_ReadMem (0x400E0A08, 0x0004 Bytes, ...) -- CPU_ReadMem(4 bytes @ 0x400E0A08) -- Data:  01 00 00 00  returns 0x00 (0001ms, 0490ms total)
T1B98 2650:009 JLINK_Reset() -- CPU_ReadMem(16 bytes @ 0x20000000) -- CPU_WriteMem(16 bytes @ 0x20000000) -- CPU_ReadMem(4 bytes @ 0xE000EDFC) -- CPU_WriteMem(4 bytes @ 0xE000EDFC) -- CPU_WriteMem(4 bytes @ 0xE000ED0C) -- CPU_ReadMem(4 bytes @ 0xE000EDF0) -- CPU_ReadMem(4 bytes @ 0xE000EDF0) -- CPU_WriteMem(4 bytes @ 0xE000EDFC) -- CPU_WriteMem(16 bytes @ 0x20000000) -- CPU_WriteMem(4 bytes @ 0xE0002000) -- CPU_ReadMem(4 bytes @ 0xE000EDFC) -- CPU_ReadMem(4 bytes @ 0xE0001000) (0037ms, 0527ms total)
T1B98 2650:046 JLINK_JTAG_GetDeviceID(DeviceIndex = 0)  returns 0x4BA00477 (0001ms, 0528ms total)
T1B98 2650:047 JLINK_ReadMemU32(0x400E0740, 0x0001 Items, ...) -- CPU_ReadMem(4 bytes @ 0x400E0740) -- Data:  60 09 54 29  returns 0x01 (0000ms, 0528ms total)
T1B98 2650:047 JLINK_WriteMem(0x400E0A04, 0x0004 Bytes, ...) -- Data:  09 00 00 5A -- CPU_WriteMem(4 bytes @ 0x400E0A04)  returns 0x04 (0001ms, 0529ms total)
T1B98 2650:048 JLINK_ReadMem (0x400E0A08, 0x0004 Bytes, ...) -- CPU_ReadMem(4 bytes @ 0x400E0A08) -- Data:  01 00 00 00  returns 0x00 (0001ms, 0530ms total)
T1B98 2650:049 JLINK_WriteMem(0x400E0A04, 0x0004 Bytes, ...) -- Data:  09 40 00 5A -- CPU_WriteMem(4 bytes @ 0x400E0A04)  returns 0x04 (0001ms, 0531ms total)
T1B98 2650:050 JLINK_ReadMem (0x400E0A08, 0x0004 Bytes, ...) -- CPU_ReadMem(4 bytes @ 0x400E0A08) -- Data:  01 00 00 00  returns 0x00 (0001ms, 0532ms total)
T1B98 2650:051 JLINK_WriteMem(0x400E0A04, 0x0004 Bytes, ...) -- Data:  09 80 00 5A -- CPU_WriteMem(4 bytes @ 0x400E0A04)  returns 0x04 (0000ms, 0532ms total)
T1B98 2650:051 JLINK_ReadMem (0x400E0A08, 0x0004 Bytes, ...) -- CPU_ReadMem(4 bytes @ 0x400E0A08) -- Data:  01 00 00 00  returns 0x00 (0001ms, 0533ms total)
T1B98 2650:052 JLINK_WriteMem(0x400E0A04, 0x0004 Bytes, ...) -- Data:  09 C0 00 5A -- CPU_WriteMem(4 bytes @ 0x400E0A04)  returns 0x04 (0001ms, 0534ms total)
T1B98 2650:053 JLINK_ReadMem (0x400E0A08, 0x0004 Bytes, ...) -- CPU_ReadMem(4 bytes @ 0x400E0A08) -- Data:  01 00 00 00  returns 0x00 (0001ms, 0535ms total)
T1B98 2650:054 JLINK_WriteMem(0x400E0A04, 0x0004 Bytes, ...) -- Data:  09 00 01 5A -- CPU_WriteMem(4 bytes @ 0x400E0A04)  returns 0x04 (0000ms, 0535ms total)
T1B98 2650:054 JLINK_ReadMem (0x400E0A08, 0x0004 Bytes, ...) -- CPU_ReadMem(4 bytes @ 0x400E0A08) -- Data:  01 00 00 00  returns 0x00 (0001ms, 0536ms total)
T1B98 2650:055 JLINK_WriteMem(0x400E0A04, 0x0004 Bytes, ...) -- Data:  09 40 01 5A -- CPU_WriteMem(4 bytes @ 0x400E0A04)  returns 0x04 (0001ms, 0537ms total)
T1B98 2650:056 JLINK_ReadMem (0x400E0A08, 0x0004 Bytes, ...) -- CPU_ReadMem(4 bytes @ 0x400E0A08) -- Data:  01 00 00 00  returns 0x00 (0001ms, 0538ms total)
T1B98 2650:057 JLINK_WriteMem(0x400E0A04, 0x0004 Bytes, ...) -- Data:  09 80 01 5A -- CPU_WriteMem(4 bytes @ 0x400E0A04)  returns 0x04 (0000ms, 0538ms total)
T1B98 2650:057 JLINK_ReadMem (0x400E0A08, 0x0004 Bytes, ...) -- CPU_ReadMem(4 bytes @ 0x400E0A08) -- Data:  01 00 00 00  returns 0x00 (0001ms, 0539ms total)
T1B98 2650:058 JLINK_WriteMem(0x400E0A04, 0x0004 Bytes, ...) -- Data:  09 C0 01 5A -- CPU_WriteMem(4 bytes @ 0x400E0A04)  returns 0x04 (0001ms, 0540ms total)
T1B98 2650:059 JLINK_ReadMem (0x400E0A08, 0x0004 Bytes, ...) -- CPU_ReadMem(4 bytes @ 0x400E0A08) -- Data:  01 00 00 00  returns 0x00 (0001ms, 0541ms total)
T1B98 2650:060 JLINK_WriteMem(0x400E0A04, 0x0004 Bytes, ...) -- Data:  09 00 02 5A -- CPU_WriteMem(4 bytes @ 0x400E0A04)  returns 0x04 (0000ms, 0541ms total)
T1B98 2650:060 JLINK_ReadMem (0x400E0A08, 0x0004 Bytes, ...) -- CPU_ReadMem(4 bytes @ 0x400E0A08) -- Data:  01 00 00 00  returns 0x00 (0001ms, 0542ms total)
T1B98 2650:061 JLINK_WriteMem(0x400E0A04, 0x0004 Bytes, ...) -- Data:  09 40 02 5A -- CPU_WriteMem(4 bytes @ 0x400E0A04)  returns 0x04 (0001ms, 0543ms total)
T1B98 2650:062 JLINK_ReadMem (0x400E0A08, 0x0004 Bytes, ...) -- CPU_ReadMem(4 bytes @ 0x400E0A08) -- Data:  01 00 00 00  returns 0x00 (0001ms, 0544ms total)
T1B98 2650:063 JLINK_WriteMem(0x400E0A04, 0x0004 Bytes, ...) -- Data:  09 80 02 5A -- CPU_WriteMem(4 bytes @ 0x400E0A04)  returns 0x04 (0000ms, 0544ms total)
T1B98 2650:063 JLINK_ReadMem (0x400E0A08, 0x0004 Bytes, ...) -- CPU_ReadMem(4 bytes @ 0x400E0A08) -- Data:  01 00 00 00  returns 0x00 (0002ms, 0546ms total)
T1B98 2650:065 JLINK_WriteMem(0x400E0A04, 0x0004 Bytes, ...) -- Data:  09 C0 02 5A -- CPU_WriteMem(4 bytes @ 0x400E0A04)  returns 0x04 (0000ms, 0546ms total)
T1B98 2650:065 JLINK_ReadMem (0x400E0A08, 0x0004 Bytes, ...) -- CPU_ReadMem(4 bytes @ 0x400E0A08) -- Data:  01 00 00 00  returns 0x00 (0001ms, 0547ms total)
T1B98 2650:066 JLINK_WriteMem(0x400E0A04, 0x0004 Bytes, ...) -- Data:  09 00 03 5A -- CPU_WriteMem(4 bytes @ 0x400E0A04)  returns 0x04 (0001ms, 0548ms total)
T1B98 2650:067 JLINK_ReadMem (0x400E0A08, 0x0004 Bytes, ...) -- CPU_ReadMem(4 bytes @ 0x400E0A08) -- Data:  01 00 00 00  returns 0x00 (0001ms, 0549ms total)
T1B98 2650:068 JLINK_WriteMem(0x400E0A04, 0x0004 Bytes, ...) -- Data:  09 40 03 5A -- CPU_WriteMem(4 bytes @ 0x400E0A04)  returns 0x04 (0000ms, 0549ms total)
T1B98 2650:068 JLINK_ReadMem (0x400E0A08, 0x0004 Bytes, ...) -- CPU_ReadMem(4 bytes @ 0x400E0A08) -- Data:  01 00 00 00  returns 0x00 (0001ms, 0550ms total)
T1B98 2650:069 JLINK_WriteMem(0x400E0A04, 0x0004 Bytes, ...) -- Data:  09 80 03 5A -- CPU_WriteMem(4 bytes @ 0x400E0A04)  returns 0x04 (0001ms, 0551ms total)
T1B98 2650:070 JLINK_ReadMem (0x400E0A08, 0x0004 Bytes, ...) -- CPU_ReadMem(4 bytes @ 0x400E0A08) -- Data:  01 00 00 00  returns 0x00 (0001ms, 0552ms total)
T1B98 2650:071 JLINK_WriteMem(0x400E0A04, 0x0004 Bytes, ...) -- Data:  09 C0 03 5A -- CPU_WriteMem(4 bytes @ 0x400E0A04)  returns 0x04 (0000ms, 0552ms total)
T1B98 2650:071 JLINK_ReadMem (0x400E0A08, 0x0004 Bytes, ...) -- CPU_ReadMem(4 bytes @ 0x400E0A08) -- Data:  01 00 00 00  returns 0x00 (0001ms, 0553ms total)
T1B98 2650:072 JLINK_WriteMem(0x400E0A04, 0x0004 Bytes, ...) -- Data:  05 00 00 5A -- CPU_WriteMem(4 bytes @ 0x400E0A04)  returns 0x04 (0001ms, 0554ms total)
T1B98 2650:073 JLINK_ReadMem (0x400E0A08, 0x0004 Bytes, ...) -- CPU_ReadMem(4 bytes @ 0x400E0A08) -- Data:  00 00 00 00  returns 0x00 (0001ms, 0555ms total)
T1B98 2650:076 JLINK_ReadMem (0x400E0A08, 0x0004 Bytes, ...) -- CPU_ReadMem(4 bytes @ 0x400E0A08) -- Data:  00 00 00 00  returns 0x00 (0000ms, 0555ms total)
T1B98 2650:081 JLINK_ReadMem (0x400E0A08, 0x0004 Bytes, ...) -- CPU_ReadMem(4 bytes @ 0x400E0A08) -- Data:  01 00 00 00  returns 0x00 (0001ms, 0556ms total)
T1B98 2650:082 JLINK_ResetPullsRESET(ON) (0000ms, 0556ms total)
T1B98 2650:082 JLINK_ResetNoHalt() >0x2F8 JTAG>TotalIRLen = 4, IRPrint = 0x01 >0x30 JTAG> >0x210 JTAG> >0x70 JTAG> >0x40 JTAG> >0x40 JTAG> >0x40 JTAG> >0x48 JTAG> >0x78 JTAG> >0x40 JTAG> >0x30 JTAG> >0x40 JTAG> >0x40 JTAG> >0x30 JTAG> >0x40 JTAG> >0x48 JTAG>Found Cortex-M3 r2p0, Little endian. -- CPU_WriteMem(4 bytes @ 0xE0002000) -- CPU_ReadMem(4 bytes @ 0xE000EDF0) -- CPU_ReadMem(4 bytes @ 0xE0002000)FPUnit: 6 code (BP) slots and 2 literal slots -- CPU_ReadMem(4 bytes @ 0xE000EDFC)
 -- CPU_ReadMem(4 bytes @ 0xE0001000) -- CPU_ReadMem(4 bytes @ 0xE00FF010)TPIU fitted. -- CPU_ReadMem(4 bytes @ 0xE00FF014) -- CPU_ReadMem(4 bytes @ 0xE00FF018)
                JLINK_Reset() -- CPU_ReadMem(16 bytes @ 0x20000000) -- CPU_WriteMem(16 bytes @ 0x20000000) -- CPU_ReadMem(4 bytes @ 0xE000EDFC) -- CPU_WriteMem(4 bytes @ 0xE000EDFC) -- CPU_WriteMem(4 bytes @ 0xE0001004) -- CPU_WriteMem(4 bytes @ 0xE000ED0C) -- CPU_ReadMem(4 bytes @ 0xE000EDF0) -- CPU_ReadMem(4 bytes @ 0xE000EDF0) -- CPU_WriteMem(4 bytes @ 0xE000EDFC) -- CPU_WriteMem(16 bytes @ 0x20000000) -- CPU_WriteMem(4 bytes @ 0xE0002000) -- CPU_ReadMem(4 bytes @ 0xE000EDFC)
 -- CPU_ReadMem(4 bytes @ 0xE0001000) (0037ms, 0037ms total)
                JLINK_Go() -- CPU_WriteMem(4 bytes @ 0xE0001004) (0002ms, 0039ms total)
               (0053ms, 0609ms total)
T1B98 2650:135 JLINK_ExecCommand("ProjectFile = D:\Dropbox\TCC\Sistema Embarcado\Programas\Jarvis\Jarvis9_J\Jarvis9_J\jlink.config", ...)  returns 0x00 (0000ms, 0609ms total)
T1B98 2650:164 JLINK_ExecCommand("Device = AT91SAM3N4C", ...)Device "ATSAM3N4C" selected (256 KB flash, 24 KB RAM).  returns 0x00 (0000ms, 0609ms total)
T1B98 2650:164 JLINK_TIF_Select(JLINKARM_TIF_JTAG)  returns 0x00 (0000ms, 0609ms total)
T1B98 2650:164 JLINK_GetIdData(...) ScanLen=4 NumDevices=1 aId[0]=0x4BA00477 aIrRead[0]=0 aScanLen[0]=0 aScanRead[0]=0 (0000ms, 0609ms total)
T1B98 2650:164 JLINK_ConfigJTAG(IRPre = 0, DRPre = 0) (0000ms, 0609ms total)
T1B98 2650:164 JLINK_SetSpeed(1000) (0000ms, 0609ms total)
T1B98 2650:164 JLINK_ResetPullsRESET(OFF) (0000ms, 0609ms total)
T1B98 2650:164 JLINK_Connect() >0x2F8 JTAG>TotalIRLen = 4, IRPrint = 0x01 >0x30 JTAG> >0x210 JTAG> >0x70 JTAG> >0x40 JTAG> >0x40 JTAG> >0x40 JTAG> >0x48 JTAG> >0x78 JTAG> >0x40 JTAG> >0x30 JTAG> >0x40 JTAG> >0x40 JTAG> >0x30 JTAG> >0x40 JTAG> >0x48 JTAG>Found Cortex-M3 r2p0, Little endian. -- CPU_WriteMem(4 bytes @ 0xE0002000) -- CPU_ReadMem(4 bytes @ 0xE000EDF0) -- CPU_ReadMem(4 bytes @ 0xE0002000)FPUnit: 6 code (BP) slots and 2 literal slots -- CPU_ReadMem(4 bytes @ 0xE000EDFC)
 -- CPU_ReadMem(4 bytes @ 0xE0001000) -- CPU_WriteMem(4 bytes @ 0xE0001000) -- CPU_ReadMem(4 bytes @ 0xE00FF010)TPIU fitted. -- CPU_ReadMem(4 bytes @ 0xE00FF014) -- CPU_ReadMem(4 bytes @ 0xE00FF018)  returns 0x00 (0015ms, 0624ms total)
T1B98 2650:179 JLINK_WriteMem(0xE0001020, 0x0004 Bytes, ...) -- Data:  00 00 00 00 -- CPU is running -- CPU_WriteMem(4 bytes @ 0xE0001020)  returns 0x04 (0001ms, 0625ms total)
T1B98 2650:180 JLINK_WriteMem(0xE0001024, 0x0004 Bytes, ...) -- Data:  00 00 00 00 -- CPU is running -- CPU_WriteMem(4 bytes @ 0xE0001024)  returns 0x04 (0001ms, 0626ms total)
T1B98 2650:181 JLINK_WriteMem(0xE0001028, 0x0004 Bytes, ...) -- Data:  00 00 00 00 -- CPU is running -- CPU_WriteMem(4 bytes @ 0xE0001028)  returns 0x04 (0000ms, 0626ms total)
T1B98 2650:181 JLINK_WriteMem(0xE0001030, 0x0004 Bytes, ...) -- Data:  00 00 00 00 -- CPU is running -- CPU_WriteMem(4 bytes @ 0xE0001030)  returns 0x04 (0001ms, 0627ms total)
T1B98 2650:182 JLINK_WriteMem(0xE0001034, 0x0004 Bytes, ...) -- Data:  00 00 00 00 -- CPU is running -- CPU_WriteMem(4 bytes @ 0xE0001034)  returns 0x04 (0001ms, 0628ms total)
T1B98 2650:183 JLINK_WriteMem(0xE0001038, 0x0004 Bytes, ...) -- Data:  00 00 00 00 -- CPU is running -- CPU_WriteMem(4 bytes @ 0xE0001038)  returns 0x04 (0000ms, 0628ms total)
T1B98 2650:183 JLINK_WriteMem(0xE0001040, 0x0004 Bytes, ...) -- Data:  00 00 00 00 -- CPU is running -- CPU_WriteMem(4 bytes @ 0xE0001040)  returns 0x04 (0001ms, 0629ms total)
T1B98 2650:184 JLINK_WriteMem(0xE0001044, 0x0004 Bytes, ...) -- Data:  00 00 00 00 -- CPU is running -- CPU_WriteMem(4 bytes @ 0xE0001044)  returns 0x04 (0000ms, 0629ms total)
T1B98 2650:184 JLINK_WriteMem(0xE0001048, 0x0004 Bytes, ...) -- Data:  00 00 00 00 -- CPU is running -- CPU_WriteMem(4 bytes @ 0xE0001048)  returns 0x04 (0001ms, 0630ms total)
T1B98 2650:185 JLINK_WriteMem(0xE0001050, 0x0004 Bytes, ...) -- Data:  00 00 00 00 -- CPU is running -- CPU_WriteMem(4 bytes @ 0xE0001050)  returns 0x04 (0001ms, 0631ms total)
T1B98 2650:186 JLINK_WriteMem(0xE0001054, 0x0004 Bytes, ...) -- Data:  00 00 00 00 -- CPU is running -- CPU_WriteMem(4 bytes @ 0xE0001054)  returns 0x04 (0000ms, 0631ms total)
T1B98 2650:186 JLINK_WriteMem(0xE0001058, 0x0004 Bytes, ...) -- Data:  00 00 00 00 -- CPU is running -- CPU_WriteMem(4 bytes @ 0xE0001058)  returns 0x04 (0001ms, 0632ms total)
T1B98 2650:187 JLINK_Halt()  returns 0x00 (0008ms, 0640ms total)
T1B98 2650:195 JLINK_WriteMem(0x400E0A04, 0x0004 Bytes, ...) -- Data:  0B 01 00 5A -- CPU_WriteMem(4 bytes @ 0x400E0A04)  returns 0x04 (0001ms, 0641ms total)
T1B98 2650:196 JLINK_ReadMem (0x400E0A08, 0x0004 Bytes, ...) -- CPU_ReadMem(4 bytes @ 0x400E0A08) -- Data:  01 00 00 00  returns 0x00 (0001ms, 0642ms total)
T1B98 2650:197 JLINK_Reset() -- CPU_ReadMem(16 bytes @ 0x20000000) -- CPU_WriteMem(16 bytes @ 0x20000000) -- CPU_ReadMem(4 bytes @ 0xE000EDFC) -- CPU_WriteMem(4 bytes @ 0xE000EDFC) -- CPU_WriteMem(4 bytes @ 0xE000ED0C) -- CPU_ReadMem(4 bytes @ 0xE000EDF0) -- CPU_ReadMem(4 bytes @ 0xE000EDF0) -- CPU_WriteMem(4 bytes @ 0xE000EDFC) -- CPU_WriteMem(16 bytes @ 0x20000000) -- CPU_WriteMem(4 bytes @ 0xE0002000) -- CPU_ReadMem(4 bytes @ 0xE000EDFC) -- CPU_ReadMem(4 bytes @ 0xE0001000) (0036ms, 0678ms total)
T1B98 2650:233 JLINK_JTAG_GetDeviceID(DeviceIndex = 0)  returns 0x4BA00477 (0000ms, 0678ms total)
T1B98 2650:233 JLINK_ReadMemU32(0x400E0740, 0x0001 Items, ...) -- CPU_ReadMem(4 bytes @ 0x400E0740) -- Data:  60 09 54 29  returns 0x01 (0001ms, 0679ms total)
T1B98 2650:238 JLINK_ReadMemHW(0x0040AF00, 0x0100 Bytes, ...) -- CPU_ReadMem(256 bytes @ 0x0040AF00) -- Data:  FF FF FF FF FF FF FF FF FF FF FF FF FF FF FF FF ...  returns 0x00 (0004ms, 0683ms total)
T1B98 2650:243 JLINK_ReadMemHW(0x0040B900, 0x0100 Bytes, ...) -- CPU_ReadMem(256 bytes @ 0x0040B900) -- Data:  FF FF FF FF FF FF FF FF FF FF FF FF FF FF FF FF ...  returns 0x00 (0004ms, 0687ms total)
T1B98 2650:272 JLINK_BeginDownload(Flags = 0x00) (0000ms, 0687ms total)
T1B98 2650:272 JLINK_WriteMem(0x00400000, 0x0100 Bytes, ...) -- Data:  68 14 00 20 71 1B 40 00 6D 1B 40 00 6D 1B 40 00 ...  returns 0x100 (0000ms, 0687ms total)
T1B98 2650:272 JLINK_WriteMem(0x00400100, 0x0100 Bytes, ...) -- Data:  98 47 08 BD 00 00 00 00 F8 AF 40 00 A8 09 00 20 ...  returns 0x100 (0000ms, 0687ms total)
T1B98 2650:272 JLINK_WriteMem(0x00400200, 0x0100 Bytes, ...) -- Data:  FE 05 28 43 60 60 E2 60 4A 68 5A B1 08 78 01 2A ...  returns 0x100 (0000ms, 0687ms total)
T1B98 2650:272 JLINK_WriteMem(0x00400300, 0x0100 Bytes, ...) -- Data:  11 F0 04 0F F8 D0 10 F8 01 1B 59 63 01 3A 07 D0 ...  returns 0x100 (0000ms, 0687ms total)
T1B98 2650:272 JLINK_WriteMem(0x00400400, 0x0100 Bytes, ...) -- Data:  10 B5 31 20 0B 21 53 22 0B 4C A0 47 2C 20 09 21 ...  returns 0x100 (0000ms, 0687ms total)
T1B98 2650:272 JLINK_WriteMem(0x00400500, 0x0100 Bytes, ...) -- Data:  05 93 8D F8 04 00 01 23 02 93 03 91 04 93 8D F8 ...  returns 0x100 (0000ms, 0687ms total)
T1B98 2650:272 JLINK_WriteMem(0x00400600, 0x0100 Bytes, ...) -- Data:  98 47 6D A3 D3 E9 00 23 77 4C A0 47 77 4B 98 47 ...  returns 0x100 (0000ms, 0687ms total)
T1B98 2650:272 JLINK_WriteMem(0x00400700, 0x0100 Bytes, ...) -- Data:  3D 4C 48 46 3D 49 A0 47 3D 4F 3E 49 B8 47 01 46 ...  returns 0x100 (0000ms, 0687ms total)
T1B98 2650:272 JLINK_WriteMem(0x00400800, 0x0100 Bytes, ...) -- Data:  99 31 40 00 17 5D 34 40 00 80 23 44 00 00 F5 43 ...  returns 0x100 (0000ms, 0687ms total)
T1B98 2650:272 JLINK_WriteMem(0x00400900, 0x0100 Bytes, ...) -- Data:  46 EA 00 20 17 4B 98 47 17 49 18 4B 98 47 5A 2C ...  returns 0x100 (0000ms, 0687ms total)
T1B98 2650:272 JLINK_WriteMem(0x00400A00, 0x0100 Bytes, ...) -- Data:  2B 4B 98 47 90 B1 02 20 24 4B 98 47 70 B1 02 20 ...  returns 0x100 (0000ms, 0687ms total)
T1B98 2650:272 JLINK_WriteMem(0x00400B00, 0x0100 Bytes, ...) -- Data:  23 4B 1A 78 D2 F1 01 02 38 BF 00 22 1A 70 00 23 ...  returns 0x100 (0000ms, 0687ms total)
T1B98 2650:272 JLINK_WriteMem(0x00400C00, 0x0100 Bytes, ...) -- Data:  1A 60 0B 4B 1B 78 2B B1 00 F1 00 40 20 60 38 BD ...  returns 0x100 (0000ms, 0687ms total)
T1B98 2650:272 JLINK_WriteMem(0x00400D00, 0x0100 Bytes, ...) -- Data:  1A 70 09 4C 20 68 11 4B 98 47 05 A3 D3 E9 00 23 ...  returns 0x100 (0000ms, 0687ms total)
T1B98 2650:272 JLINK_WriteMem(0x00400E00, 0x0100 Bytes, ...) -- Data:  C1 16 40 00 38 B5 1E 20 10 4B 98 47 10 4C 20 46 ...  returns 0x100 (0000ms, 0687ms total)
T1B98 2650:272 JLINK_WriteMem(0x00400F00, 0x0100 Bytes, ...) -- Data:  90 20 5A 65 5A 62 C3 F8 80 20 19 6F 11 43 19 67 ...  returns 0x100 (0000ms, 0687ms total)
T1B98 2650:272 JLINK_WriteMem(0x00401000, 0x0100 Bytes, ...) -- Data:  E1 09 00 20 E2 09 00 20 E3 09 00 20 10 B5 0A 48 ...  returns 0x100 (0000ms, 0687ms total)
T1B98 2650:272 JLINK_WriteMem(0x00401100, 0x0100 Bytes, ...) -- Data:  00 28 FA D1 01 9B 23 70 0B E0 0C 4B 9D 42 08 D1 ...  returns 0x100 (0000ms, 0687ms total)
T1B98 2650:272 JLINK_WriteMem(0x00401200, 0x0100 Bytes, ...) -- Data:  16 4E 33 68 98 68 00 21 15 4D A8 47 33 68 58 68 ...  returns 0x100 (0000ms, 0687ms total)
T1B98 2650:272 JLINK_WriteMem(0x00401300, 0x0100 Bytes, ...) -- Data:  31 B1 00 23 01 33 42 78 00 F8 01 2B A3 42 F9 D3 ...  returns 0x100 (0000ms, 0687ms total)
T1B98 2650:272 JLINK_WriteMem(0x00401400, 0x0100 Bytes, ...) -- Data:  08 6A 70 47 10 B4 AC 23 03 60 0A 68 4B 68 B2 FB ...  returns 0x100 (0000ms, 0687ms total)
T1B98 2650:272 JLINK_WriteMem(0x00401500, 0x0100 Bytes, ...) -- Data:  0C 20 A0 47 0D 20 A0 47 17 20 4F F0 60 51 2D 4C ...  returns 0x100 (0001ms, 0688ms total)
T1B98 2650:273 JLINK_WriteMem(0x00401600, 0x0100 Bytes, ...) -- Data:  2C E0 B1 F1 40 5F 2A D0 B1 F1 60 5F 27 D0 25 E0 ...  returns 0x100 (0000ms, 0688ms total)
T1B98 2650:273 JLINK_WriteMem(0x00401700, 0x0100 Bytes, ...) -- Data:  C3 6C 01 64 70 47 00 BF C0 6C 70 47 80 6C 70 47 ...  returns 0x100 (0000ms, 0688ms total)
T1B98 2650:273 JLINK_WriteMem(0x00401800, 0x0100 Bytes, ...) -- Data:  27 4B 98 47 15 F0 01 0F 14 BF 74 66 34 66 01 20 ...  returns 0x100 (0000ms, 0688ms total)
T1B98 2650:273 JLINK_WriteMem(0x00401900, 0x0100 Bytes, ...) -- Data:  3A E0 4F F0 80 51 32 46 1C 4B 98 47 15 F0 01 0F ...  returns 0x100 (0000ms, 0688ms total)
T1B98 2650:273 JLINK_WriteMem(0x00401A00, 0x0100 Bytes, ...) -- Data:  11 46 1A 46 04 4B 98 47 00 20 F8 BD 01 20 F8 BD ...  returns 0x100 (0000ms, 0688ms total)
T1B98 2650:273 JLINK_WriteMem(0x00401B00, 0x0100 Bytes, ...) -- Data:  70 47 00 BF 00 04 0E 40 FC FF C8 FE 02 00 37 01 ...  returns 0x100 (0000ms, 0688ms total)
T1B98 2650:273 JLINK_WriteMem(0x00401C00, 0x0100 Bytes, ...) -- Data:  04 00 00 20 A7 09 00 20 A0 09 00 20 63 0C 00 20 ...  returns 0x100 (0000ms, 0688ms total)
T1B98 2650:273 JLINK_WriteMem(0x00401D00, 0x0100 Bytes, ...) -- Data:  CA 40 1A 60 70 47 00 BF 00 04 0E 40 10 14 0E 40 ...  returns 0x100 (0000ms, 0688ms total)
T1B98 2650:273 JLINK_WriteMem(0x00401E00, 0x0100 Bytes, ...) -- Data:  18 68 A0 47 CD E9 06 01 0F 4B 18 68 A0 47 CD E9 ...  returns 0x100 (0000ms, 0688ms total)
T1B98 2650:273 JLINK_WriteMem(0x00401F00, 0x0100 Bytes, ...) -- Data:  00 22 58 4B 1A 60 2E 20 57 4B 98 47 10 BD 4B 4B ...  returns 0x100 (0000ms, 0688ms total)
T1B98 2650:273 JLINK_WriteMem(0x00402000, 0x0100 Bytes, ...) -- Data:  23 78 2D 3B DB B2 0C 2B 14 D8 20 46 19 4B 98 47 ...  returns 0x100 (0000ms, 0688ms total)
T1B98 2650:273 JLINK_WriteMem(0x00402100, 0x0100 Bytes, ...) -- Data:  83 46 61 49 61 4B 98 47 18 B1 5F 4A 51 4B 1A 60 ...  returns 0x100 (0000ms, 0688ms total)
T1B98 2650:273 JLINK_WriteMem(0x00402200, 0x0100 Bytes, ...) -- Data:  29 46 2E 4C A0 47 18 B1 17 20 2D 4B 98 47 02 E0 ...  returns 0x100 (0000ms, 0688ms total)
T1B98 2650:273 JLINK_WriteMem(0x00402300, 0x0100 Bytes, ...) -- Data:  90 0A 00 20 65 17 40 00 2D E9 F0 41 1A 4B 98 47 ...  returns 0x100 (0000ms, 0688ms total)
T1B98 2650:273 JLINK_WriteMem(0x00402400, 0x0100 Bytes, ...) -- Data:  01 46 80 46 00 F0 C8 FE 67 49 05 46 00 F0 C4 FE ...  returns 0x100 (0000ms, 0688ms total)
T1B98 2650:273 JLINK_WriteMem(0x00402500, 0x0100 Bytes, ...) -- Data:  4F F0 80 41 05 46 20 46 00 F0 3E FD 01 46 28 46 ...  returns 0x100 (0000ms, 0688ms total)
T1B98 2650:273 JLINK_WriteMem(0x00402600, 0x0100 Bytes, ...) -- Data:  83 F0 00 43 30 B5 4F EA 41 04 4F EA 43 05 94 EA ...  returns 0x100 (0000ms, 0688ms total)
T1B98 2650:273 JLINK_WriteMem(0x00402700, 0x0100 Bytes, ...) -- Data:  04 F1 01 04 4F EA 44 52 12 F5 80 0F 80 F0 9A 80 ...  returns 0x100 (0000ms, 0688ms total)
T1B98 2650:273 JLINK_WriteMem(0x00402800, 0x0100 Bytes, ...) -- Data:  05 0F 08 BF 90 EA 02 0F 05 D0 54 EA 00 0C 04 BF ...  returns 0x100 (0000ms, 0688ms total)
T1B98 2650:274 JLINK_WriteMem(0x00402900, 0x0100 Bytes, ...) -- Data:  08 BF 70 47 30 B5 4F F0 00 05 0A E0 50 EA 01 02 ...  returns 0x100 (0000ms, 0688ms total)
T1B98 2650:274 JLINK_WriteMem(0x00402A00, 0x0100 Bytes, ...) -- Data:  88 BF BC F5 E0 6F 1E D8 BE F1 00 4F 08 BF 5F EA ...  returns 0x100 (0000ms, 0688ms total)
T1B98 2650:274 JLINK_WriteMem(0x00402B00, 0x0100 Bytes, ...) -- Data:  D3 70 70 BD 94 F0 00 0F 0F D1 01 F0 00 46 40 00 ...  returns 0x100 (0000ms, 0688ms total)
T1B98 2650:274 JLINK_WriteMem(0x00402C00, 0x0100 Bytes, ...) -- Data:  4F EA 02 22 45 EA 11 15 45 EA 10 65 4F EA 00 26 ...  returns 0x100 (0000ms, 0688ms total)
T1B98 2650:274 JLINK_WriteMem(0x00402D00, 0x0100 Bytes, ...) -- Data:  0E F0 00 4E 4E EA 11 31 14 EB 5C 04 C2 BF D4 EB ...  returns 0x100 (0000ms, 0688ms total)
T1B98 2650:274 JLINK_WriteMem(0x00402E00, 0x0100 Bytes, ...) -- Data:  4F EA 43 0C 7F EA 6C 5C D6 D1 52 EA 03 3C D3 D0 ...  returns 0x100 (0000ms, 0688ms total)
T1B98 2650:274 JLINK_WriteMem(0x00402F00, 0x0100 Bytes, ...) -- Data:  40 EB 83 00 08 BF 20 F0 01 00 70 47 11 F0 80 4F ...  returns 0x100 (0000ms, 0688ms total)
T1B98 2650:274 JLINK_WriteMem(0x00403000, 0x0100 Bytes, ...) -- Data:  B0 F5 00 0F 13 D3 B0 F1 80 7F 06 D3 40 08 4F EA ...  returns 0x100 (0000ms, 0688ms total)
T1B98 2650:274 JLINK_WriteMem(0x00403100, 0x0100 Bytes, ...) -- Data:  43 F0 96 43 01 46 4F F0 00 00 1C E0 50 EA 01 02 ...  returns 0x100 (0000ms, 0688ms total)
T1B98 2650:274 JLINK_WriteMem(0x00403200, 0x0100 Bytes, ...) -- Data:  00 0F 0C F0 00 4C 08 BF 49 02 4C EA 50 20 40 EA ...  returns 0x100 (0000ms, 0688ms total)
T1B98 2650:274 JLINK_WriteMem(0x00403300, 0x0100 Bytes, ...) -- Data:  4F F0 FF 0C 1C EA D0 52 1E BF 1C EA D1 53 92 EA ...  returns 0x100 (0000ms, 0688ms total)
T1B98 2650:274 JLINK_WriteMem(0x00403400, 0x0100 Bytes, ...) -- Data:  7F F4 70 AF 08 46 76 E7 93 EA 0C 0F 04 D1 4B 02 ...  returns 0x100 (0000ms, 0688ms total)
T1B98 2650:274 JLINK_WriteMem(0x00403500, 0x0100 Bytes, ...) -- Data:  FF F7 D2 FF 94 BF 01 20 00 20 5D F8 08 FB 00 BF ...  returns 0x100 (0000ms, 0688ms total)
T1B98 2650:274 JLINK_WriteMem(0x00403600, 0x0100 Bytes, ...) -- Data:  01 5B 9A 07 F7 D1 03 2C 2A D9 CD B2 45 EA 05 25 ...  returns 0x100 (0000ms, 0688ms total)
T1B98 2650:274 JLINK_WriteMem(0x00403700, 0x0100 Bytes, ...) -- Data:  A3 81 A2 61 E5 E7 4F F0 FF 30 BD E8 F0 81 28 46 ...  returns 0x100 (0000ms, 0688ms total)
T1B98 2650:274 JLINK_WriteMem(0x00403800, 0x0100 Bytes, ...) -- Data:  B8 F1 00 0F 0F D0 C5 F3 0A 53 C3 F1 6B 03 00 2B ...  returns 0x100 (0001ms, 0689ms total)
T1B98 2650:275 JLINK_WriteMem(0x00403900, 0x0100 Bytes, ...) -- Data:  00 2C E4 D0 30 2C 1E 46 00 F0 03 81 00 23 06 96 ...  returns 0x100 (0000ms, 0689ms total)
T1B98 2650:275 JLINK_WriteMem(0x00403A00, 0x0100 Bytes, ...) -- Data:  AC 80 40 F3 81 85 08 9A 16 2A 00 F3 F1 84 DD E9 ...  returns 0x100 (0000ms, 0689ms total)
T1B98 2650:275 JLINK_WriteMem(0x00403B00, 0x0100 Bytes, ...) -- Data:  CF 38 40 00 FD 40 40 00 00 20 30 2C 07 90 7F F4 ...  returns 0x100 (0000ms, 0689ms total)
T1B98 2650:275 JLINK_WriteMem(0x00403C00, 0x0100 Bytes, ...) -- Data:  11 46 08 9A 00 2A 3F F4 CA AE 49 42 BA F1 00 0F ...  returns 0x100 (0000ms, 0689ms total)
T1B98 2650:275 JLINK_WriteMem(0x00403D00, 0x0100 Bytes, ...) -- Data:  00 28 00 F0 13 84 58 46 01 21 05 F0 15 FC 07 46 ...  returns 0x100 (0000ms, 0689ms total)
T1B98 2650:275 JLINK_WriteMem(0x00403E00, 0x0100 Bytes, ...) -- Data:  00 28 00 F0 32 82 58 46 1A 99 32 46 05 F0 0C FD ...  returns 0x100 (0000ms, 0689ms total)
T1B98 2650:275 JLINK_WriteMem(0x00403F00, 0x0100 Bytes, ...) -- Data:  00 00 C0 FF FF FF DF 41 D0 AE 40 00 00 00 F0 3F ...  returns 0x100 (0000ms, 0689ms total)
T1B98 2650:275 JLINK_WriteMem(0x00404000, 0x0100 Bytes, ...) -- Data:  87 07 7F 00 EF E7 00 22 08 92 BC E5 00 21 08 91 ...  returns 0x100 (0000ms, 0689ms total)
T1B98 2650:275 JLINK_WriteMem(0x00404100, 0x0100 Bytes, ...) -- Data:  09 E0 11 F8 01 3F A3 F1 41 04 19 2C 98 BF 20 33 ...  returns 0x100 (0000ms, 0689ms total)
T1B98 2650:275 JLINK_WriteMem(0x00404200, 0x0100 Bytes, ...) -- Data:  05 F0 7E FB 02 46 0B 46 20 46 29 46 FE F7 AC FB ...  returns 0x100 (0000ms, 0689ms total)
T1B98 2650:275 JLINK_WriteMem(0x00404300, 0x0100 Bytes, ...) -- Data:  F1 D1 40 46 49 46 72 A3 D3 E9 00 23 FE F7 BC FD ...  returns 0x100 (0000ms, 0689ms total)
T1B98 2650:275 JLINK_WriteMem(0x00404400, 0x0100 Bytes, ...) -- Data:  38 4C CA F1 0F 05 04 EB C5 01 D1 E9 00 01 FE F7 ...  returns 0x100 (0000ms, 0689ms total)
T1B98 2650:275 JLINK_WriteMem(0x00404500, 0x0100 Bytes, ...) -- Data:  02 90 03 92 FF F7 23 BB 08 9B 16 33 FF F6 A0 AB ...  returns 0x100 (0000ms, 0689ms total)
T1B98 2650:275 JLINK_WriteMem(0x00404600, 0x0100 Bytes, ...) -- Data:  01 22 58 46 05 F0 8E F8 39 46 06 90 05 F0 E8 F8 ...  returns 0x100 (0000ms, 0689ms total)
T1B98 2650:275 JLINK_WriteMem(0x00404700, 0x0100 Bytes, ...) -- Data:  43 F0 FF 43 43 F4 E0 00 03 90 02 91 FF F7 25 BA ...  returns 0x100 (0000ms, 0689ms total)
T1B98 2650:275 JLINK_WriteMem(0x00404800, 0x0100 Bytes, ...) -- Data:  01 E0 25 2B 04 D0 13 78 14 46 01 32 00 2B F8 D1 ...  returns 0x100 (0000ms, 0689ms total)
T1B98 2650:275 JLINK_WriteMem(0x00404900, 0x0100 Bytes, ...) -- Data:  C3 03 08 03 C3 03 C5 02 7C 00 20 03 A3 03 C3 03 ...  returns 0x100 (0000ms, 0689ms total)
T1B98 2650:275 JLINK_WriteMem(0x00404A00, 0x0100 Bytes, ...) -- Data:  98 BF 00 21 01 F2 6B 80 10 F8 01 8B 01 EB 81 01 ...  returns 0x100 (0000ms, 0689ms total)
T1B98 2650:275 JLINK_WriteMem(0x00404B00, 0x0100 Bytes, ...) -- Data:  CC EB 05 0B BB F1 00 0F 40 F3 87 82 BB F1 10 0F ...  returns 0x100 (0000ms, 0689ms total)
T1B98 2650:275 JLINK_WriteMem(0x00404C00, 0x0100 Bytes, ...) -- Data:  61 46 0D 9C 0C 9D 06 E0 AA F1 10 0A BA F1 10 0F ...  returns 0x100 (0000ms, 0689ms total)
T1B98 2650:275 JLINK_WriteMem(0x00404D00, 0x0100 Bytes, ...) -- Data:  2C 93 C6 F8 00 A0 74 60 09 DD 0D 98 0C 99 2B AA ...  returns 0x100 (0000ms, 0689ms total)
T1B98 2650:275 JLINK_WriteMem(0x00404E00, 0x0100 Bytes, ...) -- Data:  00 F0 40 84 10 9C 21 68 0E 9C E5 17 2B 46 10 9D ...  returns 0x100 (0000ms, 0689ms total)
T1B98 2650:275 JLINK_WriteMem(0x00404F00, 0x0100 Bytes, ...) -- Data:  A5 06 3F F5 4E AF DD F8 24 C0 1C F0 10 0F 40 F0 ...  returns 0x100 (0000ms, 0689ms total)
T1B98 2650:275 JLINK_WriteMem(0x00405000, 0x0100 Bytes, ...) -- Data:  01 0C 9A 46 CD F8 2C C0 8D F8 B8 80 8D F8 8F 30 ...  returns 0x100 (0000ms, 0689ms total)
T1B98 2650:275 JLINK_WriteMem(0x00405100, 0x0100 Bytes, ...) -- Data:  7F F5 C0 AD 2C 9B 18 9C 01 33 15 9D A4 44 07 2B ...  returns 0x100 (0000ms, 0689ms total)
T1B98 2650:275 JLINK_WriteMem(0x00405200, 0x0100 Bytes, ...) -- Data:  08 BF 0A 2C 80 F0 38 81 30 34 48 AF 07 F8 41 4D ...  returns 0x100 (0000ms, 0689ms total)
T1B98 2650:275 JLINK_WriteMem(0x00405300, 0x0100 Bytes, ...) -- Data:  2B AA 04 F0 3D FF 00 28 7F F4 62 AB DD F8 B4 C0 ...  returns 0x100 (0000ms, 0689ms total)
T1B98 2650:275 JLINK_WriteMem(0x00405400, 0x0100 Bytes, ...) -- Data:  08 06 15 DD 01 34 10 33 07 2C 2D 93 2C 94 86 E8 ...  returns 0x100 (0000ms, 0689ms total)
T1B98 2650:275 JLINK_WriteMem(0x00405500, 0x0100 Bytes, ...) -- Data:  2B AA 04 F0 3D FE 00 28 7F F4 62 AA DD F8 B4 C0 ...  returns 0x100 (0000ms, 0689ms total)
T1B98 2650:275 JLINK_WriteMem(0x00405600, 0x0100 Bytes, ...) -- Data:  0C 99 2B AA 04 F0 BC FD 00 28 7F F4 E1 A9 DD F8 ...  returns 0x100 (0000ms, 0689ms total)
T1B98 2650:275 JLINK_WriteMem(0x00405700, 0x0100 Bytes, ...) -- Data:  08 36 1C 46 2C B9 11 9D 1D B9 09 9D E8 07 7F F5 ...  returns 0x100 (0000ms, 0689ms total)
T1B98 2650:275 JLINK_WriteMem(0x00405800, 0x0100 Bytes, ...) -- Data:  BA F1 45 0F 0A BF 0A 9C 0A 9D 65 1C 02 20 25 A9 ...  returns 0x100 (0000ms, 0689ms total)
T1B98 2650:275 JLINK_WriteMem(0x00405900, 0x0100 Bytes, ...) -- Data:  DD F8 B4 C0 38 AE FD E6 06 24 0A 94 5F E7 10 9D ...  returns 0x100 (0001ms, 0690ms total)
T1B98 2650:276 JLINK_WriteMem(0x00405A00, 0x0100 Bytes, ...) -- Data:  A5 E5 0A 9C BA 46 06 2C 28 BF 06 24 24 EA E4 7C ...  returns 0x100 (0000ms, 0690ms total)
T1B98 2650:276 JLINK_WriteMem(0x00405B00, 0x0100 Bytes, ...) -- Data:  16 E6 14 9C 11 9D 00 2C D4 BF C4 F1 02 04 01 24 ...  returns 0x100 (0000ms, 0690ms total)
T1B98 2650:276 JLINK_WriteMem(0x00405C00, 0x0100 Bytes, ...) -- Data:  2C 44 24 E6 14 9D 4F F0 67 08 6C 1C 24 EA E4 73 ...  returns 0x100 (0000ms, 0690ms total)
T1B98 2650:276 JLINK_WriteMem(0x00405D00, 0x0100 Bytes, ...) -- Data:  02 91 90 46 08 93 06 90 18 B1 83 6B 00 2B 00 F0 ...  returns 0x100 (0000ms, 0690ms total)
T1B98 2650:276 JLINK_WriteMem(0x00405E00, 0x0100 Bytes, ...) -- Data:  93 02 D7 02 2B 01 96 01 96 01 96 01 96 01 96 01 ...  returns 0x100 (0000ms, 0690ms total)
T1B98 2650:276 JLINK_WriteMem(0x00405F00, 0x0100 Bytes, ...) -- Data:  F4 80 DD F8 20 B0 0B F1 07 03 23 F0 07 03 03 F1 ...  returns 0x100 (0000ms, 0690ms total)
T1B98 2650:276 JLINK_WriteMem(0x00406000, 0x0100 Bytes, ...) -- Data:  22 44 07 2B 15 92 35 60 74 60 14 93 00 F3 6D 83 ...  returns 0x100 (0000ms, 0690ms total)
T1B98 2650:276 JLINK_WriteMem(0x00406100, 0x0100 Bytes, ...) -- Data:  BB F8 00 40 0B F1 04 0B 00 25 CD F8 20 B0 04 E7 ...  returns 0x100 (0000ms, 0690ms total)
T1B98 2650:276 JLINK_WriteMem(0x00406200, 0x0100 Bytes, ...) -- Data:  0B F1 04 0B E5 17 22 46 2B 46 CD F8 20 B0 2D E7 ...  returns 0x100 (0000ms, 0690ms total)
T1B98 2650:276 JLINK_WriteMem(0x00406300, 0x0100 Bytes, ...) -- Data:  67 E5 98 F8 00 30 2B 21 63 E5 98 F8 00 30 08 F1 ...  returns 0x100 (0000ms, 0690ms total)
T1B98 2650:276 JLINK_WriteMem(0x00406400, 0x0100 Bytes, ...) -- Data:  07 29 15 92 14 91 86 E8 09 00 00 F3 57 81 0B 46 ...  returns 0x100 (0000ms, 0690ms total)
T1B98 2650:276 JLINK_WriteMem(0x00406500, 0x0100 Bytes, ...) -- Data:  07 28 15 92 35 60 74 60 14 90 59 DD 00 2A 4F D1 ...  returns 0x100 (0000ms, 0690ms total)
T1B98 2650:276 JLINK_WriteMem(0x00406600, 0x0100 Bytes, ...) -- Data:  4E 46 68 E7 00 2A 40 F0 F7 80 05 9C 01 23 20 97 ...  returns 0x100 (0000ms, 0690ms total)
T1B98 2650:276 JLINK_WriteMem(0x00406700, 0x0100 Bytes, ...) -- Data:  02 99 13 AA FF F7 BC FA 00 28 7F F4 48 AF 15 9A ...  returns 0x100 (0000ms, 0690ms total)
T1B98 2650:276 JLINK_WriteMem(0x00406800, 0x0100 Bytes, ...) -- Data:  3F FA 00 28 7F F4 CB AE 14 99 15 9A 01 31 4E 46 ...  returns 0x100 (0000ms, 0690ms total)
T1B98 2650:276 JLINK_WriteMem(0x00406900, 0x0100 Bytes, ...) -- Data:  01 30 FC E5 9D F8 47 50 CD F8 14 C0 07 95 08 94 ...  returns 0x100 (0000ms, 0690ms total)
T1B98 2650:276 JLINK_WriteMem(0x00406A00, 0x0100 Bytes, ...) -- Data:  5B 07 24 D4 22 69 45 F0 08 03 A3 81 9B B2 00 2A ...  returns 0x100 (0000ms, 0690ms total)
T1B98 2650:276 JLINK_WriteMem(0x00406B00, 0x0100 Bytes, ...) -- Data:  08 6E 07 FB 08 F6 06 EB 1E 46 1F FA 8E FE CE EB ...  returns 0x100 (0000ms, 0690ms total)
T1B98 2650:276 JLINK_WriteMem(0x00406C00, 0x0100 Bytes, ...) -- Data:  00 23 23 64 BB F1 00 0F D9 46 33 DB 00 23 2B 60 ...  returns 0x100 (0000ms, 0690ms total)
T1B98 2650:276 JLINK_WriteMem(0x00406D00, 0x0100 Bytes, ...) -- Data:  02 46 0B 46 30 46 39 46 FB F7 7C FC 06 46 0F 46 ...  returns 0x100 (0000ms, 0690ms total)
T1B98 2650:276 JLINK_WriteMem(0x00406E00, 0x0100 Bytes, ...) -- Data:  07 9E 0E 2E 00 F3 CE 80 2B 4B 03 EB C6 03 D3 E9 ...  returns 0x100 (0000ms, 0690ms total)
T1B98 2650:276 JLINK_WriteMem(0x00406F00, 0x0100 Bytes, ...) -- Data:  30 46 39 46 FB F7 7C FB 05 F1 30 0E C1 45 09 F8 ...  returns 0x100 (0000ms, 0690ms total)
T1B98 2650:276 JLINK_WriteMem(0x00407000, 0x0100 Bytes, ...) -- Data:  0C 9A 00 2A 1D DD 0B 9B 00 2B 00 F0 58 83 00 2F ...  returns 0x100 (0000ms, 0690ms total)
T1B98 2650:276 JLINK_WriteMem(0x00407100, 0x0100 Bytes, ...) -- Data:  DD F8 24 B0 82 46 0A 97 B9 F1 01 0F AC BF CB 44 ...  returns 0x100 (0000ms, 0690ms total)
T1B98 2650:276 JLINK_WriteMem(0x00407200, 0x0100 Bytes, ...) -- Data:  4D 44 08 95 0A F0 01 05 0B 95 DD F8 28 90 45 1C ...  returns 0x100 (0000ms, 0690ms total)
T1B98 2650:276 JLINK_WriteMem(0x00407300, 0x0100 Bytes, ...) -- Data:  03 F1 14 00 B0 42 11 46 02 F1 01 02 F7 D9 61 64 ...  returns 0x100 (0000ms, 0690ms total)
T1B98 2650:276 JLINK_WriteMem(0x00407400, 0x0100 Bytes, ...) -- Data:  50 46 03 F0 07 F9 05 46 FB F7 48 FA 02 46 0B 46 ...  returns 0x100 (0000ms, 0690ms total)
T1B98 2650:276 JLINK_WriteMem(0x00407500, 0x0100 Bytes, ...) -- Data:  54 46 07 96 39 E5 00 26 0B 96 25 98 00 28 3C DD ...  returns 0x100 (0000ms, 0690ms total)
T1B98 2650:276 JLINK_WriteMem(0x00407600, 0x0100 Bytes, ...) -- Data:  3F 05 00 2F 3F F4 30 AD 08 9A 06 9B 01 32 01 33 ...  returns 0x100 (0000ms, 0690ms total)
T1B98 2650:276 JLINK_WriteMem(0x00407700, 0x0100 Bytes, ...) -- Data:  02 F0 10 F8 41 46 0A 90 02 F0 6A F8 00 28 40 F3 ...  returns 0x100 (0000ms, 0690ms total)
T1B98 2650:276 JLINK_WriteMem(0x00407800, 0x0100 Bytes, ...) -- Data:  06 9D 0A F1 01 03 2B 70 35 46 06 9E 06 F1 01 0B ...  returns 0x100 (0000ms, 0690ms total)
T1B98 2650:276 JLINK_WriteMem(0x00407900, 0x0100 Bytes, ...) -- Data:  4A E5 B9 F1 00 0F 3F F4 AE AE 0F 9E 00 2E 7F F7 ...  returns 0x100 (0000ms, 0690ms total)
T1B98 2650:276 JLINK_WriteMem(0x00407A00, 0x0100 Bytes, ...) -- Data:  E0 BB 00 BF D0 AE 40 00 98 AF 40 00 00 00 24 40 ...  returns 0x100 (0000ms, 0690ms total)
T1B98 2650:276 JLINK_WriteMem(0x00407B00, 0x0100 Bytes, ...) -- Data:  AC 6A A6 E7 D8 F8 00 30 5B B9 AA 89 29 69 22 F4 ...  returns 0x100 (0000ms, 0690ms total)
T1B98 2650:276 JLINK_WriteMem(0x00407C00, 0x0100 Bytes, ...) -- Data:  28 90 C5 F8 2C 80 21 46 F3 81 B2 81 34 60 74 60 ...  returns 0x100 (0000ms, 0690ms total)
T1B98 2650:276 JLINK_WriteMem(0x00407D00, 0x0100 Bytes, ...) -- Data:  00 28 3A D0 9D F8 04 10 00 25 09 E0 23 68 19 70 ...  returns 0x100 (0001ms, 0691ms total)
T1B98 2650:277 JLINK_WriteMem(0x00407E00, 0x0100 Bytes, ...) -- Data:  DE DD 06 4D 04 49 2D 68 42 F0 01 02 40 1B 5A 60 ...  returns 0x100 (0000ms, 0691ms total)
T1B98 2650:277 JLINK_WriteMem(0x00407F00, 0x0100 Bytes, ...) -- Data:  F0 41 01 F0 03 BA 29 4D A8 42 AE D1 43 F0 01 02 ...  returns 0x100 (0000ms, 0691ms total)
T1B98 2650:277 JLINK_WriteMem(0x00408000, 0x0100 Bytes, ...) -- Data:  00 28 56 DD B3 68 82 44 1B 1A C0 EB 08 08 B3 60 ...  returns 0x100 (0000ms, 0691ms total)
T1B98 2650:277 JLINK_WriteMem(0x00408100, 0x0100 Bytes, ...) -- Data:  48 46 E1 69 5A 46 B8 47 07 1E D2 DD BA EB 07 0A ...  returns 0x100 (0000ms, 0691ms total)
T1B98 2650:277 JLINK_WriteMem(0x00408200, 0x0100 Bytes, ...) -- Data:  00 C0 00 F0 A5 FF A2 89 DD F8 00 C0 22 F4 90 62 ...  returns 0x100 (0000ms, 0691ms total)
T1B98 2650:277 JLINK_WriteMem(0x00408300, 0x0100 Bytes, ...) -- Data:  68 04 F0 D1 3F 68 00 2F E9 D1 30 46 BD E8 F0 81 ...  returns 0x100 (0000ms, 0691ms total)
T1B98 2650:277 JLINK_WriteMem(0x00408400, 0x0100 Bytes, ...) -- Data:  00 2C 00 F0 F3 80 2B 78 4F F0 00 09 F3 5C CB 46 ...  returns 0x100 (0000ms, 0691ms total)
T1B98 2650:277 JLINK_WriteMem(0x00408500, 0x0100 Bytes, ...) -- Data:  E4 D3 08 9B 4B F8 04 9B 05 98 C3 EB 0B 0B 4F EA ...  returns 0x100 (0000ms, 0691ms total)
T1B98 2650:277 JLINK_WriteMem(0x00408600, 0x0100 Bytes, ...) -- Data:  F2 5C 2C 44 00 2A 00 F0 97 80 30 2B 40 F0 42 81 ...  returns 0x100 (0000ms, 0691ms total)
T1B98 2650:277 JLINK_WriteMem(0x00408700, 0x0100 Bytes, ...) -- Data:  04 9B 29 46 2B 44 05 98 04 93 FF F7 05 FE 0E E7 ...  returns 0x100 (0000ms, 0691ms total)
T1B98 2650:277 JLINK_WriteMem(0x00408800, 0x0100 Bytes, ...) -- Data:  01 26 AB E7 15 99 00 29 3F F4 AB AE 09 98 01 22 ...  returns 0x100 (0000ms, 0691ms total)
T1B98 2650:277 JLINK_WriteMem(0x00408900, 0x0100 Bytes, ...) -- Data:  18 BF 00 92 00 99 01 9A 03 93 00 23 0F 1F 41 F8 ...  returns 0x100 (0000ms, 0691ms total)
T1B98 2650:277 JLINK_WriteMem(0x00408A00, 0x0100 Bytes, ...) -- Data:  B6 E7 29 2B 02 9F 1B D0 04 20 04 B0 BD E8 F0 0F ...  returns 0x100 (0000ms, 0691ms total)
T1B98 2650:277 JLINK_WriteMem(0x00408B00, 0x0100 Bytes, ...) -- Data:  43 F0 80 03 EA 63 A3 81 20 60 20 61 66 61 A7 B9 ...  returns 0x100 (0000ms, 0691ms total)
T1B98 2650:277 JLINK_WriteMem(0x00408C00, 0x0100 Bytes, ...) -- Data:  BC F1 04 0F 00 F2 60 81 4F EA 95 1C 0C F1 38 0C ...  returns 0x100 (0000ms, 0691ms total)
T1B98 2650:277 JLINK_WriteMem(0x00408D00, 0x0100 Bytes, ...) -- Data:  0C E0 C5 F8 08 E0 C5 F8 04 80 AA 50 00 F0 FE FA ...  returns 0x100 (0000ms, 0691ms total)
T1B98 2650:277 JLINK_WriteMem(0x00408E00, 0x0100 Bytes, ...) -- Data:  DD F8 43 1C DD F8 04 C0 00 F0 35 81 C8 EB 00 02 ...  returns 0x100 (0000ms, 0691ms total)
T1B98 2650:277 JLINK_WriteMem(0x00408F00, 0x0100 Bytes, ...) -- Data:  83 42 00 F0 8A 80 5A 68 22 F0 03 02 91 42 02 D2 ...  returns 0x100 (0000ms, 0691ms total)
T1B98 2650:277 JLINK_WriteMem(0x00409000, 0x0100 Bytes, ...) -- Data:  77 0C 4F EA 4C 01 05 E6 4F F4 80 53 EE E6 01 23 ...  returns 0x100 (0000ms, 0691ms total)
T1B98 2650:277 JLINK_WriteMem(0x00409100, 0x0100 Bytes, ...) -- Data:  04 78 8C 42 07 D0 AB 42 10 46 03 F1 01 03 02 F1 ...  returns 0x100 (0000ms, 0691ms total)
T1B98 2650:277 JLINK_WriteMem(0x00409200, 0x0100 Bytes, ...) -- Data:  04 03 D2 1A DB 07 1C BF 11 F8 01 3B 00 F8 01 3B ...  returns 0x100 (0000ms, 0691ms total)
T1B98 2650:277 JLINK_WriteMem(0x00409300, 0x0100 Bytes, ...) -- Data:  00 2A ED D1 AC E7 00 BF 70 47 00 BF 70 47 00 BF ...  returns 0x100 (0000ms, 0691ms total)
T1B98 2650:277 JLINK_WriteMem(0x00409400, 0x0100 Bytes, ...) -- Data:  D7 E7 00 BF 2D E9 F8 43 99 46 23 4B 09 F1 08 04 ...  returns 0x100 (0000ms, 0691ms total)
T1B98 2650:277 JLINK_WriteMem(0x00409500, 0x0100 Bytes, ...) -- Data:  04 BF 1B 0A 08 32 19 07 04 BF 1B 09 04 32 99 07 ...  returns 0x100 (0000ms, 0691ms total)
T1B98 2650:277 JLINK_WriteMem(0x00409600, 0x0100 Bytes, ...) -- Data:  5C F8 04 3C 5F EA 13 49 24 D0 D6 F8 00 A0 00 9B ...  returns 0x100 (0000ms, 0691ms total)
T1B98 2650:277 JLINK_WriteMem(0x00409700, 0x0100 Bytes, ...) -- Data:  06 46 C9 E7 01 21 38 46 FF F7 02 FE 40 F2 71 21 ...  returns 0x100 (0000ms, 0691ms total)
T1B98 2650:277 JLINK_WriteMem(0x00409800, 0x0100 Bytes, ...) -- Data:  04 4D A2 42 F7 D0 94 42 94 BF 01 20 4F F0 FF 30 ...  returns 0x100 (0000ms, 0691ms total)
T1B98 2650:277 JLINK_WriteMem(0x00409900, 0x0100 Bytes, ...) -- Data:  0E 4B 0B 40 A3 F1 50 73 00 2B 02 DD 19 46 00 20 ...  returns 0x100 (0000ms, 0691ms total)
T1B98 2650:277 JLINK_WriteMem(0x00409A00, 0x0100 Bytes, ...) -- Data:  1D 46 C3 F3 0A 56 14 46 0A 9F FF F7 81 FC C5 F3 ...  returns 0x100 (0000ms, 0691ms total)
T1B98 2650:277 JLINK_WriteMem(0x00409B00, 0x0100 Bytes, ...) -- Data:  3B 46 F5 E7 70 B4 15 69 02 F1 14 03 01 39 4E 11 ...  returns 0x100 (0000ms, 0691ms total)
T1B98 2650:277 JLINK_WriteMem(0x00409C00, 0x0100 Bytes, ...) -- Data:  01 0F 54 D0 00 22 10 46 DB 07 6F D4 54 F8 08 3C ...  returns 0x100 (0000ms, 0691ms total)
T1B98 2650:277 JLINK_WriteMem(0x00409D00, 0x0100 Bytes, ...) -- Data:  08 01 23 F0 01 02 3A 44 91 42 00 F0 BC 80 2A 1F ...  returns 0x100 (0000ms, 0691ms total)
T1B98 2650:277 JLINK_WriteMem(0x00409E00, 0x0100 Bytes, ...) -- Data:  10 02 94 45 FF F6 70 AF 57 46 57 F8 08 1F DA F8 ...  returns 0x100 (0000ms, 0691ms total)
T1B98 2650:277 JLINK_WriteMem(0x00409F00, 0x0100 Bytes, ...) -- Data:  0A F1 20 03 CA F8 18 20 62 69 18 34 CA F8 1C 20 ...  returns 0x100 (0000ms, 0691ms total)
T1B98 2650:277 JLINK_WriteMem(0x0040A000, 0x0100 Bytes, ...) -- Data:  A3 89 23 F4 80 53 A3 81 10 BD 00 BF 2D E9 F0 41 ...  returns 0x100 (0001ms, 0692ms total)
T1B98 2650:278 JLINK_WriteMem(0x0040A100, 0x0100 Bytes, ...) -- Data:  5B 68 64 68 A3 F1 01 35 A3 42 25 EA 03 05 13 D1 ...  returns 0x100 (0000ms, 0692ms total)
T1B98 2650:278 JLINK_WriteMem(0x0040A200, 0x0100 Bytes, ...) -- Data:  2B 61 28 60 AA 60 27 46 A1 46 4A 46 59 46 FF F7 ...  returns 0x100 (0000ms, 0692ms total)
T1B98 2650:278 JLINK_WriteMem(0x0040A300, 0x0100 Bytes, ...) -- Data:  FD F7 2E FC 00 28 E3 D0 4F F0 FF 30 F8 BD 38 46 ...  returns 0x100 (0000ms, 0692ms total)
T1B98 2650:278 JLINK_WriteMem(0x0040A400, 0x0100 Bytes, ...) -- Data:  25 60 60 60 05 46 C6 F8 48 41 C4 F8 88 01 C4 F8 ...  returns 0x100 (0000ms, 0692ms total)
T1B98 2650:278 JLINK_WriteMem(0x0040A500, 0x0100 Bytes, ...) -- Data:  70 BD 28 46 21 46 FD F7 2B FB E3 6A 06 46 33 B1 ...  returns 0x100 (0000ms, 0692ms total)
T1B98 2650:278 JLINK_WriteMem(0x0040A600, 0x0100 Bytes, ...) -- Data:  43 1C 00 D0 70 BD 23 68 00 2B FB D0 33 60 70 BD ...  returns 0x100 (0000ms, 0692ms total)
T1B98 2650:278 JLINK_WriteMem(0x0040A700, 0x0100 Bytes, ...) -- Data:  00 2B C0 F2 98 80 15 46 06 46 0F 46 00 2B 3F D1 ...  returns 0x100 (0000ms, 0692ms total)
T1B98 2650:278 JLINK_WriteMem(0x0040A800, 0x0100 Bytes, ...) -- Data:  BA 42 00 F2 C4 80 41 46 BF 1A B7 FB F0 F2 00 FB ...  returns 0x100 (0000ms, 0692ms total)
T1B98 2650:278 JLINK_WriteMem(0x0040A900, 0x0100 Bytes, ...) -- Data:  05 FA 08 F0 08 D9 13 EB 0C 03 01 F1 FF 32 35 D2 ...  returns 0x100 (0000ms, 0692ms total)
T1B98 2650:278 JLINK_WriteMem(0x0040AA00, 0x0100 Bytes, ...) -- Data:  45 EA 01 41 88 42 08 D9 09 19 03 F1 FF 36 80 F0 ...  returns 0x100 (0000ms, 0692ms total)
T1B98 2650:278 JLINK_WriteMem(0x0040AB00, 0x0100 Bytes, ...) -- Data:  09 FB 0C FA 45 EA 0B 0B 4F EA 1B 45 45 EA 03 43 ...  returns 0x100 (0000ms, 0692ms total)
T1B98 2650:278 JLINK_WriteMem(0x0040AC00, 0x0100 Bytes, ...) -- Data:  9A 45 8D D9 AC F1 02 0C 23 44 8A E7 B9 45 9A D9 ...  returns 0x100 (0000ms, 0692ms total)
T1B98 2650:278 JLINK_WriteMem(0x0040AD00, 0x0100 Bytes, ...) -- Data:  00 00 00 00 00 00 00 00 BC 89 D8 97 B2 D2 9C 3C ...  returns 0x100 (0000ms, 0692ms total)
T1B98 2650:278 JLINK_WriteMem(0x0040AE00, 0x0100 Bytes, ...) -- Data:  00 00 00 00 00 1A 1B 1C 1D 1E 1F 00 00 00 00 00 ...  returns 0x100 (0000ms, 0692ms total)
T1B98 2650:278 JLINK_WriteMem(0x0040AF00, 0x0100 Bytes, ...) -- Data:  00 00 00 00 80 84 2E 41 00 00 00 00 D0 12 63 41 ...  returns 0x100 (0000ms, 0692ms total)
T1B98 2650:278 JLINK_WriteMem(0x0040B000, 0x0100 Bytes, ...) -- Data:  A3 F5 C0 63 1B 6A 13 F0 80 7F 07 D1 1C 4A 1D 4B ...  returns 0x100 (0000ms, 0692ms total)
T1B98 2650:278 JLINK_WriteMem(0x0040B100, 0x0100 Bytes, ...) -- Data:  00 00 00 00 F4 03 00 20 5C 04 00 20 C4 04 00 20 ...  returns 0x100 (0000ms, 0692ms total)
T1B98 2650:278 JLINK_WriteMem(0x0040B200, 0x0100 Bytes, ...) -- Data:  00 00 00 00 00 00 00 00 00 00 00 00 00 00 00 00 ...  returns 0x100 (0000ms, 0692ms total)
T1B98 2650:278 JLINK_WriteMem(0x0040B300, 0x0100 Bytes, ...) -- Data:  00 00 00 00 00 00 00 00 00 00 00 00 00 00 00 00 ...  returns 0x100 (0000ms, 0692ms total)
T1B98 2650:278 JLINK_WriteMem(0x0040B400, 0x0100 Bytes, ...) -- Data:  00 00 00 00 00 00 00 00 00 00 00 00 00 00 00 00 ...  returns 0x100 (0000ms, 0692ms total)
T1B98 2650:278 JLINK_WriteMem(0x0040B500, 0x0100 Bytes, ...) -- Data:  00 00 00 00 00 00 00 00 00 00 00 00 00 00 00 00 ...  returns 0x100 (0000ms, 0692ms total)
T1B98 2650:278 JLINK_WriteMem(0x0040B600, 0x0100 Bytes, ...) -- Data:  00 06 00 20 00 06 00 20 08 06 00 20 08 06 00 20 ...  returns 0x100 (0000ms, 0692ms total)
T1B98 2650:278 JLINK_WriteMem(0x0040B700, 0x0100 Bytes, ...) -- Data:  00 07 00 20 00 07 00 20 08 07 00 20 08 07 00 20 ...  returns 0x100 (0000ms, 0692ms total)
T1B98 2650:278 JLINK_WriteMem(0x0040B800, 0x0100 Bytes, ...) -- Data:  00 08 00 20 00 08 00 20 08 08 00 20 08 08 00 20 ...  returns 0x100 (0000ms, 0692ms total)
T1B98 2650:278 JLINK_WriteMem(0x0040B900, 0x0100 Bytes, ...) -- Data:  00 09 00 20 00 09 00 20 08 09 00 20 08 09 00 20 ...  returns 0x100 (0000ms, 0692ms total)
T1B98 2650:327 JLINK_EndDownload() -- -------------------------------------- -- Start of determining dirty areas -- End of determining dirty areas -- Start of preparing flash programming -- Calculating RAM usage -- RAM usage = 3708 Bytes -- Preserving registers -- Preparing memory -- Determining CPU clock frequency -- CPU clock frequency: 3808 kHz -- CPU frequency = 3808 kHz -- Preparing target -- Downloading RAMCode -- Using alternate TurboMode RAMCode -- Checking target RAM -- Preparing RAMCode
 -- End of preparing flash programmingCPU is running at low speed (3808 kHz). -- CPU is running at 3808 kHz. -- Start of comparing flash -- CRC check was estimated as fastest method -- Comparing range 0x400000 - 0x407FFF (128 Sectors, 32 KB), using multi-block CRC calculation -- CRC does not match for sectors 0-127 -- Comparing range 0x408000 - 0x40B9FF (58 Sectors, 14 KB), using multi-block CRC calculation -- CRC does not match for sectors 0-57 -- End of comparing flash -- Start of erasing sectors
 -- End of erasing sectors -- Start of flash programming -- Programming range 0x00400000 - 0x00401FFF ( 32 Sectors, 8 KB) -- Programming range 0x00402000 - 0x00403FFF ( 32 Sectors, 8 KB) -- Programming range 0x00404000 - 0x00405FFF ( 32 Sectors, 8 KB) -- Programming range 0x00406000 - 0x00407FFF ( 32 Sectors, 8 KB) -- Programming range 0x00408000 - 0x00409FFF ( 32 Sectors, 8 KB) -- Programming range 0x0040A000 - 0x0040B9FF ( 26 Sectors, 6 KB) -- End of flash programming
 -- Flash programming performed for 1 range (47616 bytes) -- 0x400000 - 0x40B9FF (186 Sectors, 46 KB) -- Start of verifying flash -- Checksum calculation was estimated as fastest method -- End of verifying flash -- Start of restoring -- Restore RAMCode -- Restore content of target memory -- Restore target -- Restore memory -- Restore content of registers -- End of restoring -- Total time needed: 1.649s (Prepare: 0.132s, Compare: 0.086s, Erase: 0.000s, Program: 1.379s, Verify: 0.039s, Restore: 0.011s)
  returns 0xBA00 (1651ms, 2343ms total)
T1B98 2651:979 JLINK_ResetPullsRESET(ON) (0000ms, 2343ms total)
T1B98 2651:979 JLINK_ResetNoHalt() >0x2F8 JTAG>TotalIRLen = 4, IRPrint = 0x01 >0x30 JTAG> >0x210 JTAG> >0x70 JTAG> >0x40 JTAG> >0x40 JTAG> >0x40 JTAG> >0x48 JTAG> >0x78 JTAG> >0x40 JTAG> >0x30 JTAG> >0x40 JTAG> >0x40 JTAG> >0x30 JTAG> >0x40 JTAG> >0x48 JTAG>Found Cortex-M3 r2p0, Little endian. -- CPU_WriteMem(4 bytes @ 0xE0002000) -- CPU_ReadMem(4 bytes @ 0xE000EDF0) -- CPU_ReadMem(4 bytes @ 0xE0002000)FPUnit: 6 code (BP) slots and 2 literal slots -- CPU_ReadMem(4 bytes @ 0xE000EDFC)
 -- CPU_ReadMem(4 bytes @ 0xE0001000) -- CPU_ReadMem(4 bytes @ 0xE00FF010)TPIU fitted. -- CPU_ReadMem(4 bytes @ 0xE00FF014) -- CPU_ReadMem(4 bytes @ 0xE00FF018)
                JLINK_Reset() -- CPU_ReadMem(16 bytes @ 0x20000000) -- CPU_WriteMem(16 bytes @ 0x20000000) -- CPU_ReadMem(4 bytes @ 0xE000EDFC) -- CPU_WriteMem(4 bytes @ 0xE000EDFC) -- CPU_WriteMem(4 bytes @ 0xE000ED0C) -- CPU_ReadMem(4 bytes @ 0xE000EDF0) -- CPU_ReadMem(4 bytes @ 0xE000EDF0) -- CPU_WriteMem(4 bytes @ 0xE000EDFC) -- CPU_WriteMem(16 bytes @ 0x20000000) -- CPU_WriteMem(4 bytes @ 0xE0002000) -- CPU_ReadMem(4 bytes @ 0xE000EDFC) -- CPU_ReadMem(4 bytes @ 0xE0001000) (0039ms, 0039ms total)
                JLINK_Go() -- CPU_WriteMem(4 bytes @ 0xE0001004) (0001ms, 0040ms total)
               (0054ms, 2397ms total)
T1B98 2652:350 JLINK_Close() >0x78 JTAG> >0x08 JTAG> (0002ms, 2399ms total)
T1B98 2652:350  (0002ms, 2399ms total)
T1B98 2652:350 Closed (0002ms, 2399ms total)
